<?xml version="1.0" encoding="UTF-8"?>
<testsuite xmlns:xsi="http://www.w3.org/2001/XMLSchema-instance" xsi:noNamespaceSchemaLocation="https://maven.apache.org/surefire/maven-surefire-plugin/xsd/surefire-test-report.xsd" name="TestSuite" time="5.45" tests="4" errors="0" skipped="0" failures="2">
  <properties>
[...]
</properties>
  <testcase name="test1" classname="com.test.TestMethodsDemo" time="0.015">
    <failure message="expected [2] but found [1]" type="java.lang.AssertionError">java.lang.AssertionError: expected [2] but found [1]
	at com.test.TestMethodsDemo.test1(TestMethodsDemo.java:11)
</failure>
  </testcase>
  <testcase name="test2" classname="com.test.TestMethodsDemo" time="0"/>
  <testcase name="test3" classname="com.test.TestMethodsDemo" time="0"/>
  <testcase name="logDemo" classname="com.test.TestMethodsDemo" time="0.001">
    <failure message="这是我们自己运行的异常" type="java.lang.RuntimeException">java.lang.RuntimeException: 这是我们自己运行的异常
	at com.test.TestMethodsDemo.logDemo(TestMethodsDemo.java:27)
</failure>
  </testcase>
</testsuite>